<?xml version="1.0" encoding="UTF-8"?>
<!-- Generated by org.testng.reporters.JUnitReportReporter -->
<testsuite hostname="IN5CD7024P76" name="gitTest.GitTest" tests="1" failures="0" timestamp="28 Jul 2019 12:17:01 GMT" time="13.420" errors="0">
  <testcase name="loginTest" time="13.420" classname="gitTest.GitTest"/>
</testsuite> <!-- gitTest.GitTest -->
